{"name": "Verify login functionality", "status": "failed", "statusDetails": {"message": "AssertionError\n", "trace": "  File \"C:\\Users\\Admin\\venv\\lib\\site-packages\\behave\\model.py\", line 1329, in run\n    match.run(runner.context)\n  File \"C:\\Users\\Admin\\venv\\lib\\site-packages\\behave\\matchers.py\", line 98, in run\n    self.func(context, *args, **kwargs)\n  File \"features\\steps\\LoginPageSteps.py\", line 74, in step_impl\n    assert False\n"}, "steps": [{"name": "Given Launch the App", "status": "passed", "start": 1652889107130, "stop": 1652889114070}, {"name": "When Enter login credentials", "status": "passed", "start": 1652889114070, "stop": 1652889159621}, {"name": "Then Screenshot login", "status": "failed", "statusDetails": {"message": "AssertionError\n", "trace": "  File \"C:\\Users\\Admin\\venv\\lib\\site-packages\\behave\\model.py\", line 1329, in run\n    match.run(runner.context)\n  File \"C:\\Users\\Admin\\venv\\lib\\site-packages\\behave\\matchers.py\", line 98, in run\n    self.func(context, *args, **kwargs)\n  File \"features\\steps\\LoginPageSteps.py\", line 74, in step_impl\n    assert False\n"}, "attachments": [{"name": "c2ta LoginPage test", "source": "ebfc397b-3faa-4f30-b5b6-18ca7e46759a-attachment.png", "type": "image/png"}], "start": 1652889159621, "stop": 1652889159892}, {"name": "Then Handle logout", "status": "skipped", "start": 1652889159892, "stop": 1652889159892}, {"name": "And Close the App", "status": "skipped", "start": 1652889159892, "stop": 1652889159892}], "start": 1652889107129, "stop": 1652889159892, "uuid": "03423904-13da-4a9d-8620-eca829c3c719", "historyId": "78312a81aac68709df3e875a56139dfa", "fullName": "Test the browserstack application Login Page: Verify login functionality", "labels": [{"name": "severity", "value": "normal"}, {"name": "feature", "value": "Test the browserstack application Login Page"}, {"name": "framework", "value": "behave"}, {"name": "language", "value": "cpython3"}]}