{"name": "Verify login functionality", "status": "failed", "statusDetails": {"message": "AssertionError\n", "trace": "  File \"C:\\Users\\Admin\\venv\\lib\\site-packages\\behave\\model.py\", line 1329, in run\n    match.run(runner.context)\n  File \"C:\\Users\\Admin\\venv\\lib\\site-packages\\behave\\matchers.py\", line 98, in run\n    self.func(context, *args, **kwargs)\n  File \"features\\steps\\LoginPageSteps.py\", line 80, in step_impl\n    assert False\n"}, "steps": [{"name": "Given Launch the App", "status": "passed", "start": 1652851928666, "stop": 1652851935252}, {"name": "When Enter login credentials", "status": "passed", "start": 1652851935252, "stop": 1652851981425}, {"name": "Then Screenshot login", "status": "failed", "statusDetails": {"message": "AssertionError\n", "trace": "  File \"C:\\Users\\Admin\\venv\\lib\\site-packages\\behave\\model.py\", line 1329, in run\n    match.run(runner.context)\n  File \"C:\\Users\\Admin\\venv\\lib\\site-packages\\behave\\matchers.py\", line 98, in run\n    self.func(context, *args, **kwargs)\n  File \"features\\steps\\LoginPageSteps.py\", line 80, in step_impl\n    assert False\n"}, "attachments": [{"name": "c2ta LoginPage test", "source": "0e3e34aa-45f8-4aa4-93bc-1f97990600a6-attachment.png", "type": "image/png"}], "start": 1652851981425, "stop": 1652851981667}, {"name": "Then Handle logout", "status": "skipped", "start": 1652851981667, "stop": 1652851981667}, {"name": "And Close the App", "status": "skipped", "start": 1652851981667, "stop": 1652851981667}], "start": 1652851928666, "stop": 1652851981667, "uuid": "4dfcb4b6-ee4b-4310-b688-2acf4f55fe9e", "historyId": "78312a81aac68709df3e875a56139dfa", "fullName": "Test the browserstack application Login Page: Verify login functionality", "labels": [{"name": "severity", "value": "normal"}, {"name": "feature", "value": "Test the browserstack application Login Page"}, {"name": "framework", "value": "behave"}, {"name": "language", "value": "cpython3"}]}