{"name": "Verify login functionality", "status": "failed", "statusDetails": {"message": "AssertionError\n", "trace": "  File \"C:\\Users\\Admin\\venv\\lib\\site-packages\\behave\\model.py\", line 1329, in run\n    match.run(runner.context)\n  File \"C:\\Users\\Admin\\venv\\lib\\site-packages\\behave\\matchers.py\", line 98, in run\n    self.func(context, *args, **kwargs)\n  File \"features\\steps\\LoginPageSteps.py\", line 80, in step_impl\n    assert False\n"}, "steps": [{"name": "Given Launch the App", "status": "passed", "start": 1652851205854, "stop": 1652851212597}, {"name": "When Enter login credentials", "status": "passed", "start": 1652851212597, "stop": 1652851259652}, {"name": "Then Screenshot login", "status": "failed", "statusDetails": {"message": "AssertionError\n", "trace": "  File \"C:\\Users\\Admin\\venv\\lib\\site-packages\\behave\\model.py\", line 1329, in run\n    match.run(runner.context)\n  File \"C:\\Users\\Admin\\venv\\lib\\site-packages\\behave\\matchers.py\", line 98, in run\n    self.func(context, *args, **kwargs)\n  File \"features\\steps\\LoginPageSteps.py\", line 80, in step_impl\n    assert False\n"}, "attachments": [{"name": "c2ta LoginPage test", "source": "32ad702c-8548-4e32-b26c-c402e76faaef-attachment.png", "type": "image/png"}], "start": 1652851259652, "stop": 1652851259900}, {"name": "Then Handle logout", "status": "skipped", "start": 1652851259900, "stop": 1652851259900}, {"name": "And Close the App", "status": "skipped", "start": 1652851259900, "stop": 1652851259900}], "start": 1652851205854, "stop": 1652851259900, "uuid": "f31dc27c-7048-452a-b720-2d4ac716e529", "historyId": "78312a81aac68709df3e875a56139dfa", "fullName": "Test the browserstack application Login Page: Verify login functionality", "labels": [{"name": "severity", "value": "normal"}, {"name": "feature", "value": "Test the browserstack application Login Page"}, {"name": "framework", "value": "behave"}, {"name": "language", "value": "cpython3"}]}