{"name": "Testing of a User Signup Form", "status": "failed", "statusDetails": {"message": "AssertionError\n", "trace": "  File \"C:\\Users\\Admin\\AppData\\Local\\Programs\\Python\\Python310\\lib\\site-packages\\behave\\model.py\", line 1329, in run\n    match.run(runner.context)\n  File \"C:\\Users\\Admin\\AppData\\Local\\Programs\\Python\\Python310\\lib\\site-packages\\behave\\matchers.py\", line 98, in run\n    self.func(context, *args, **kwargs)\n  File \"features\\steps\\SignupPageSteps.py\", line 87, in step_impl\n    assert False\n"}, "steps": [{"name": "Given Launch the App Signup", "status": "passed", "start": 1651731071130, "stop": 1651731078032}, {"name": "When enter Signup credentials", "status": "passed", "start": 1651731078032, "stop": 1651731093043}, {"name": "Then accept cookie notification", "status": "passed", "start": 1651731093043, "stop": 1651731094129}, {"name": "Then click on Terms and Condition", "status": "passed", "start": 1651731094129, "stop": 1651731095201}, {"name": "Then click signup", "status": "passed", "start": 1651731095201, "stop": 1651731096308}, {"name": "Then validate signup form", "status": "passed", "start": 1651731096308, "stop": 1651731106459}, {"name": "Then verify the page title and screenshot Signup", "status": "failed", "statusDetails": {"message": "AssertionError\n", "trace": "  File \"C:\\Users\\Admin\\AppData\\Local\\Programs\\Python\\Python310\\lib\\site-packages\\behave\\model.py\", line 1329, in run\n    match.run(runner.context)\n  File \"C:\\Users\\Admin\\AppData\\Local\\Programs\\Python\\Python310\\lib\\site-packages\\behave\\matchers.py\", line 98, in run\n    self.func(context, *args, **kwargs)\n  File \"features\\steps\\SignupPageSteps.py\", line 87, in step_impl\n    assert False\n"}, "attachments": [{"name": "c2ta Signup test", "source": "7cfad4ab-079c-4d58-8213-be8f7eb2d8a9-attachment.png", "type": "image/png"}], "start": 1651731106459, "stop": 1651731106716}, {"name": "And close the App Signup", "status": "skipped", "start": 1651731106716, "stop": 1651731106716}], "start": 1651731071130, "stop": 1651731106716, "uuid": "7c7d9e8a-10e9-48a4-9b22-94a739a2608c", "historyId": "083a60878f254d0d162c3b3233d9b002", "fullName": "Test the browserstack application Login Page: Testing of a User Signup Form", "labels": [{"name": "severity", "value": "normal"}, {"name": "feature", "value": "Test the browserstack application Login Page"}, {"name": "framework", "value": "behave"}, {"name": "language", "value": "cpython3"}]}